

Microchip Technology PIC18 LITE Macro Assembler V1.43 build -156212558 
                                                                                               Wed Oct 11 17:44:38 2017

Microchip Technology Omniscient Code Generator v1.43 (Free mode) build 201707250354
     1                           	processor	18F452
     2                           	fnconf	rparam,??,?,0
     3                           	opt	pw 120
     4                           	opt	lm
     5                           	psect	smallconst,global,reloc=2,class=SMALLCONST,delta=1,noexec
     6                           	psect	cinit,global,reloc=2,class=CODE,delta=1
     7                           	psect	cstackCOMRAM,global,class=COMRAM,space=1,delta=1,noexec
     8                           	psect	text0,global,reloc=2,class=CODE,delta=1
     9                           	psect	text1,global,reloc=2,class=CODE,delta=1
    10                           	psect	text2,global,reloc=2,class=CODE,delta=1
    11                           	psect	text3,global,reloc=2,class=CODE,delta=1
    12                           	psect	text4,global,reloc=2,class=CODE,delta=1
    13                           	psect	text5,global,reloc=2,class=CODE,delta=1
    14                           	psect	text6,global,reloc=2,class=CODE,delta=1
    15                           	psect	text7,global,reloc=2,class=CODE,delta=1
    16                           	psect	text8,global,reloc=2,class=CODE,delta=1
    17                           	psect	text9,global,reloc=2,class=CODE,delta=1
    18                           	psect	intsave_regs,global,class=BIGRAM,space=1,delta=1,noexec
    19                           	psect	rparam,global,class=COMRAM,space=1,delta=1,noexec
    20  0000                     
    21                           ; Version 1.43
    22                           ; Generated 25/07/2017 GMT
    23                           ; 
    24                           ; Copyright © 2017, Microchip Technology Inc. and its subsidiaries ("Microchip")
    25                           ; All rights reserved.
    26                           ; 
    27                           ; This software is developed by Microchip Technology Inc. and its subsidiaries ("Microch
      +                          ip").
    28                           ; 
    29                           ; Redistribution and use in source and binary forms, with or without modification, are
    30                           ; permitted provided that the following conditions are met:
    31                           ; 
    32                           ;     1. Redistributions of source code must retain the above copyright notice, this lis
      +                          t of
    33                           ;        conditions and the following disclaimer.
    34                           ; 
    35                           ;     2. Redistributions in binary form must reproduce the above copyright notice, this 
      +                          list
    36                           ;        of conditions and the following disclaimer in the documentation and/or other
    37                           ;        materials provided with the distribution.
    38                           ; 
    39                           ;     3. Microchip's name may not be used to endorse or promote products derived from th
      +                          is
    40                           ;        software without specific prior written permission.
    41                           ; 
    42                           ; THIS SOFTWARE IS PROVIDED BY MICROCHIP "AS IS" AND ANY EXPRESS OR IMPLIED WARRANTIES,
    43                           ; INCLUDING, BUT NOT LIMITED TO, THE IMPLIED WARRANTIES OF MERCHANTABILITY AND FITNESS F
      +                          OR
    44                           ; PURPOSE ARE DISCLAIMED.  IN NO EVENT SHALL MICROCHIP BE LIABLE FOR ANY DIRECT, INDIREC
      +                          T,
    45                           ; INCIDENTAL, SPECIAL, EXEMPLARY, OR CONSEQUENTIAL DAMAGES (INCLUDING BUT NOT LIMITED TO
    46                           ; PROCUREMENT OF SUBSTITUTE GOODS OR SERVICES; LOSS OF USE, DATA OR PROFITS; OR BUSINESS
    47                           ; INTERRUPTION) HOWSOEVER CAUSED AND ON ANY THEORY OF LIABILITY, WHETHER IN CONTRACT, ST
      +                          RICT
    48                           ; LIABILITY, OR TORT (INCLUDING NEGLIGENCE OR OTHERWISE) ARISING IN ANY WAY OUT OF THE U
      +                          SE OF
    49                           ; THIS SOFTWARE, EVEN IF ADVISED OF THE POSSIBILITY OF SUCH DAMAGE.
    50                           ; 
    51                           ; 
    52                           ; Code-generator required, PIC18F452 Definitions
    53                           ; 
    54                           ; SFR Addresses
    55  0000                     _TRISDbits	set	3989
    56  0000                     _PORTD	set	3971
    57  0000                     _LATDbits	set	3980
    58  0000                     _LATD	set	3980
    59  0000                     _LATB	set	3978
    60  0000                     _TRISC	set	3988
    61  0000                     _TRISB	set	3987
    62  0000                     _TRISD	set	3989
    63  0000                     _TRISA	set	3986
    64  0000                     _ADCON1	set	4033
    65  0000                     _OSCCON	set	4051
    66                           
    67                           	psect	smallconst
    68  000600                     __psmallconst:
    69                           	opt stack 0
    70  000600  00                 	db	0
    71  000601                     STR_1:
    72  000601  48                 	db	72	;'H'
    73  000602  65                 	db	101	;'e'
    74  000603  6C                 	db	108	;'l'
    75  000604  6C                 	db	108	;'l'
    76  000605  6F                 	db	111	;'o'
    77  000606  20                 	db	32
    78  000607  57                 	db	87	;'W'
    79  000608  6F                 	db	111	;'o'
    80  000609  72                 	db	114	;'r'
    81  00060A  6C                 	db	108	;'l'
    82  00060B  64                 	db	100	;'d'
    83  00060C  00                 	db	0
    84                           
    85                           ; #config settings
    86  00060D  00                 	db	0	; dummy byte at the end
    87  0000                     
    88                           	psect	cinit
    89  0008D4                     __pcinit:
    90                           	opt stack 0
    91  0008D4                     start_initialization:
    92                           	opt stack 0
    93  0008D4                     __initialization:
    94                           	opt stack 0
    95  0008D4                     end_of_initialization:
    96                           	opt stack 0
    97  0008D4                     __end_of__initialization:
    98                           	opt stack 0
    99  0008D4  0E00               	movlw	low (__Lsmallconst shr (0+16))
   100  0008D6  6EF8               	movwf	tblptru,c
   101  0008D8  0E06               	movlw	high __Lsmallconst
   102  0008DA  6EF7               	movwf	tblptrh,c
   103  0008DC  0100               	movlb	0
   104  0008DE  EF6C  F003         	goto	_main	;jump to C main() function
   105                           tblptru	equ	0xFF8
   106                           tblptrh	equ	0xFF7
   107                           
   108                           	psect	cstackCOMRAM
   109  000001                     __pcstackCOMRAM:
   110                           	opt stack 0
   111  000001                     ??_DelayPORXLCD:
   112  000001                     SetDDRamAddr@DDaddr:
   113                           	opt stack 0
   114  000001                     WriteCmdXLCD@cmd:
   115                           	opt stack 0
   116  000001                     WriteDataXLCD@data:
   117                           	opt stack 0
   118                           
   119                           ; 1 bytes @ 0x0
   120  000001                     	ds	1
   121  000002                     ??_OpenXLCD:
   122  000002                     putrsXLCD@buffer:
   123                           	opt stack 0
   124                           
   125                           ; 2 bytes @ 0x1
   126  000002                     	ds	1
   127  000003                     OpenXLCD@lcdtype:
   128                           	opt stack 0
   129                           
   130                           ; 1 bytes @ 0x2
   131  000003                     	ds	1
   132  000004                     tblptru	equ	0xFF8
   133                           tblptrh	equ	0xFF7
   134                           
   135                           ; 1 bytes @ 0x3
   136 ;;
   137 ;;Main: autosize = 0, tempsize = 0, incstack = 0, save=0
   138 ;;
   139 ;; *************** function _main *****************
   140 ;; Defined at:
   141 ;;		line 48 in file "lcdmain.c"
   142 ;; Parameters:    Size  Location     Type
   143 ;;		None
   144 ;; Auto vars:     Size  Location     Type
   145 ;;		None
   146 ;; Return value:  Size  Location     Type
   147 ;;                  1    wreg      void 
   148 ;; Registers used:
   149 ;;		wreg, status,2, status,0, tblptrl, tblptrh, tblptru, cstack
   150 ;; Tracked objects:
   151 ;;		On entry : 0/0
   152 ;;		On exit  : 0/0
   153 ;;		Unchanged: 0/0
   154 ;; Data sizes:     COMRAM   BANK0   BANK1   BANK2   BANK3   BANK4   BANK5
   155 ;;      Params:         0       0       0       0       0       0       0
   156 ;;      Locals:         0       0       0       0       0       0       0
   157 ;;      Temps:          0       0       0       0       0       0       0
   158 ;;      Totals:         0       0       0       0       0       0       0
   159 ;;Total ram usage:        0 bytes
   160 ;; Hardware stack levels required when called:    4
   161 ;; This function calls:
   162 ;;		_BusyXLCD
   163 ;;		_SetDDRamAddr
   164 ;;		_init_XLCD
   165 ;;		_putrsXLCD
   166 ;; This function is called by:
   167 ;;		Startup code after reset
   168 ;; This function uses a non-reentrant model
   169 ;;
   170                           
   171                           	psect	text0
   172  0006D8                     __ptext0:
   173                           	opt stack 0
   174  0006D8                     _main:
   175                           	opt stack 0
   176  0006D8  FFFF               	dw	65535	; assembler added errata NOP
   177                           
   178                           ;lcdmain.c: 50: OSCCON = 0b01100010;
   179                           
   180                           ;incstack = 0
   181  0006DA  0E62               	movlw	98
   182  0006DC  6ED3               	movwf	4051,c	;volatile
   183                           
   184                           ;lcdmain.c: 51: ADCON1 = 0xF;
   185  0006DE  0E0F               	movlw	15
   186  0006E0  6EC1               	movwf	4033,c	;volatile
   187                           
   188                           ;lcdmain.c: 52: TRISA = 0x00;
   189  0006E2  0E00               	movlw	0
   190  0006E4  6E92               	movwf	3986,c	;volatile
   191                           
   192                           ;lcdmain.c: 53: TRISD = 0x00;
   193  0006E6  0E00               	movlw	0
   194  0006E8  6E95               	movwf	3989,c	;volatile
   195                           
   196                           ;lcdmain.c: 54: TRISB = 0x0;
   197  0006EA  0E00               	movlw	0
   198  0006EC  6E93               	movwf	3987,c	;volatile
   199                           
   200                           ;lcdmain.c: 55: TRISC = 0x0;
   201  0006EE  0E00               	movlw	0
   202  0006F0  6E94               	movwf	3988,c	;volatile
   203                           
   204                           ;lcdmain.c: 56: LATB = 0x0;
   205  0006F2  0E00               	movlw	0
   206  0006F4  6E8A               	movwf	3978,c	;volatile
   207                           
   208                           ;lcdmain.c: 57: LATD = 0x0;
   209  0006F6  0E00               	movlw	0
   210  0006F8  6E8C               	movwf	3980,c	;volatile
   211                           
   212                           ;lcdmain.c: 58: init_XLCD();
   213  0006FA  ECF4  F003         	call	_init_XLCD	;wreg free
   214  0006FE  FFFF               	dw	65535	; assembler added errata NOP
   215  000700  EC36  F004         	call	_BusyXLCD	;wreg free
   216  000704  0900               	iorlw	0
   217  000706  A4D8               	btfss	status,2,c
   218  000708  D7FA               	goto	l46
   219                           
   220                           ;lcdmain.c: 60: SetDDRamAddr(0x43);
   221  00070A  0E43               	movlw	67
   222  00070C  EC90  F003         	call	_SetDDRamAddr
   223                           
   224                           ;lcdmain.c: 61: putrsXLCD("Hello World");
   225  000710  0E01               	movlw	low STR_1
   226  000712  6E02               	movwf	putrsXLCD@buffer,c
   227  000714  0E06               	movlw	high STR_1
   228  000716  6E03               	movwf	putrsXLCD@buffer+1,c
   229  000718  ECB2  F003         	call	_putrsXLCD	;wreg free
   230  00071C                     l48:
   231  00071C  FFFF               	dw	65535	; assembler added errata NOP
   232                           
   233                           ;lcdmain.c: 63: {
   234  00071E  D7FE               	goto	l48
   235  000720                     __end_of_main:
   236                           	opt stack 0
   237                           tblptru	equ	0xFF8
   238                           tblptrh	equ	0xFF7
   239                           status	equ	0xFD8
   240                           
   241 ;; *************** function _putrsXLCD *****************
   242 ;; Defined at:
   243 ;;		line 161 in file "lcd.c"
   244 ;; Parameters:    Size  Location     Type
   245 ;;  buffer          2    1[COMRAM] PTR const unsigned char 
   246 ;;		 -> STR_1(12), 
   247 ;; Auto vars:     Size  Location     Type
   248 ;;		None
   249 ;; Return value:  Size  Location     Type
   250 ;;                  1    wreg      void 
   251 ;; Registers used:
   252 ;;		wreg, status,2, status,0, tblptrl, tblptrh, tblptru, cstack
   253 ;; Tracked objects:
   254 ;;		On entry : 0/0
   255 ;;		On exit  : 0/0
   256 ;;		Unchanged: 0/0
   257 ;; Data sizes:     COMRAM   BANK0   BANK1   BANK2   BANK3   BANK4   BANK5
   258 ;;      Params:         2       0       0       0       0       0       0
   259 ;;      Locals:         0       0       0       0       0       0       0
   260 ;;      Temps:          0       0       0       0       0       0       0
   261 ;;      Totals:         2       0       0       0       0       0       0
   262 ;;Total ram usage:        2 bytes
   263 ;; Hardware stack levels used:    1
   264 ;; Hardware stack levels required when called:    2
   265 ;; This function calls:
   266 ;;		_BusyXLCD
   267 ;;		_WriteDataXLCD
   268 ;; This function is called by:
   269 ;;		_main
   270 ;; This function uses a non-reentrant model
   271 ;;
   272                           
   273                           	psect	text1
   274  000764                     __ptext1:
   275                           	opt stack 0
   276  000764                     _putrsXLCD:
   277                           	opt stack 0
   278  000764  FFFF               	dw	65535	; assembler added errata NOP
   279                           
   280                           ;lcd.c: 163: while(*buffer)
   281                           
   282                           ;incstack = 0
   283  000766  D011               	goto	l112
   284  000768  FFFF               	dw	65535	; assembler added errata NOP
   285                           
   286                           ;lcd.c: 164: {
   287                           ;lcd.c: 165: while(BusyXLCD());
   288  00076A  EC36  F004         	call	_BusyXLCD	;wreg free
   289  00076E  0900               	iorlw	0
   290  000770  A4D8               	btfss	status,2,c
   291  000772  D7FA               	goto	l113
   292                           
   293                           ;lcd.c: 166: WriteDataXLCD(*buffer);
   294  000774  C002  FFF6         	movff	putrsXLCD@buffer,tblptrl
   295  000778  C003  FFF7         	movff	putrsXLCD@buffer+1,tblptrh
   296  00077C                     	if	0	;tblptru may be non-zero
   297  00077C                     	endif
   298  00077C                     	if	0	;tblptru may be non-zero
   299  00077C                     	endif
   300  00077C  0008               	tblrd		*
   301  00077E  FFFF               	dw	65535	; errata NOP
   302  000780  50F5               	movf	tablat,w,c
   303  000782  ECD3  F003         	call	_WriteDataXLCD
   304                           
   305                           ;lcd.c: 167: buffer++;
   306  000786  4A02               	infsnz	putrsXLCD@buffer,f,c
   307  000788  2A03               	incf	putrsXLCD@buffer+1,f,c
   308  00078A                     l112:
   309  00078A  FFFF               	dw	65535	; assembler added errata NOP
   310  00078C  C002  FFF6         	movff	putrsXLCD@buffer,tblptrl
   311  000790  C003  FFF7         	movff	putrsXLCD@buffer+1,tblptrh
   312  000794                     	if	0	;tblptru may be non-zero
   313  000794                     	endif
   314  000794                     	if	0	;tblptru may be non-zero
   315  000794                     	endif
   316  000794  0008               	tblrd		*
   317  000796  FFFF               	dw	65535	; errata NOP
   318  000798  50F5               	movf	tablat,w,c
   319  00079A  0900               	iorlw	0
   320  00079C  B4D8               	btfsc	status,2,c
   321                           
   322                           ;lcd.c: 168: }
   323                           ;lcd.c: 169: return;
   324  00079E  0012               	return		;funcret
   325  0007A0  FFFF               	dw	65535	; assembler added errata NOP
   326  0007A2  D7E2               	goto	l113
   327  0007A4  FFFF               	dw	65535	; errata NOP
   328  0007A6                     __end_of_putrsXLCD:
   329                           	opt stack 0
   330                           tblptru	equ	0xFF8
   331                           tblptrh	equ	0xFF7
   332                           tblptrl	equ	0xFF6
   333                           tablat	equ	0xFF5
   334                           status	equ	0xFD8
   335                           
   336 ;; *************** function _WriteDataXLCD *****************
   337 ;; Defined at:
   338 ;;		line 521 in file "lcd.c"
   339 ;; Parameters:    Size  Location     Type
   340 ;;  data            1    wreg     unsigned char 
   341 ;; Auto vars:     Size  Location     Type
   342 ;;  data            1    0[COMRAM] unsigned char 
   343 ;; Return value:  Size  Location     Type
   344 ;;                  1    wreg      void 
   345 ;; Registers used:
   346 ;;		wreg, status,2, status,0, cstack
   347 ;; Tracked objects:
   348 ;;		On entry : 0/0
   349 ;;		On exit  : 0/0
   350 ;;		Unchanged: 0/0
   351 ;; Data sizes:     COMRAM   BANK0   BANK1   BANK2   BANK3   BANK4   BANK5
   352 ;;      Params:         0       0       0       0       0       0       0
   353 ;;      Locals:         1       0       0       0       0       0       0
   354 ;;      Temps:          0       0       0       0       0       0       0
   355 ;;      Totals:         1       0       0       0       0       0       0
   356 ;;Total ram usage:        1 bytes
   357 ;; Hardware stack levels used:    1
   358 ;; Hardware stack levels required when called:    1
   359 ;; This function calls:
   360 ;;		_DelayFor18TCY
   361 ;; This function is called by:
   362 ;;		_putrsXLCD
   363 ;;		_putsXLCD
   364 ;; This function uses a non-reentrant model
   365 ;;
   366                           
   367                           	psect	text2
   368  0007A6                     __ptext2:
   369                           	opt stack 0
   370  0007A6                     _WriteDataXLCD:
   371                           	opt stack 0
   372  0007A6  FFFF               	dw	65535	; assembler added errata NOP
   373                           
   374                           ;incstack = 0
   375                           ;WriteDataXLCD@data stored from wreg
   376  0007A8  6E01               	movwf	WriteDataXLCD@data,c
   377                           
   378                           ;lcd.c: 536: TRISD &= 0x0f;
   379  0007AA  0E0F               	movlw	15
   380  0007AC  1695               	andwf	3989,f,c	;volatile
   381                           
   382                           ;lcd.c: 537: PORTD &= 0x0f;
   383  0007AE  0E0F               	movlw	15
   384  0007B0  1683               	andwf	3971,f,c	;volatile
   385                           
   386                           ;lcd.c: 538: PORTD |= data&0xf0;
   387  0007B2  5001               	movf	WriteDataXLCD@data,w,c
   388  0007B4  0BF0               	andlw	240
   389  0007B6  1283               	iorwf	3971,f,c	;volatile
   390                           
   391                           ;lcd.c: 544: LATDbits.LATD1 = 1;
   392  0007B8  828C               	bsf	3980,1,c	;volatile
   393                           
   394                           ;lcd.c: 545: LATDbits.LATD2 = 0;
   395  0007BA  948C               	bcf	3980,2,c	;volatile
   396                           
   397                           ;lcd.c: 546: DelayFor18TCY();
   398  0007BC  EC62  F004         	call	_DelayFor18TCY	;wreg free
   399                           
   400                           ;lcd.c: 547: LATDbits.LATD0 = 1;
   401  0007C0  808C               	bsf	3980,0,c	;volatile
   402                           
   403                           ;lcd.c: 548: DelayFor18TCY();
   404  0007C2  EC62  F004         	call	_DelayFor18TCY	;wreg free
   405                           
   406                           ;lcd.c: 549: LATDbits.LATD0 = 0;
   407  0007C6  908C               	bcf	3980,0,c	;volatile
   408                           
   409                           ;lcd.c: 551: PORTD &= 0x0f;
   410  0007C8  0E0F               	movlw	15
   411  0007CA  1683               	andwf	3971,f,c	;volatile
   412                           
   413                           ;lcd.c: 552: PORTD |= ((data<<4)&0xf0);
   414  0007CC  3801               	swapf	WriteDataXLCD@data,w,c
   415  0007CE  0BF0               	andlw	240
   416  0007D0  0BF0               	andlw	240
   417  0007D2  1283               	iorwf	3971,f,c	;volatile
   418                           
   419                           ;lcd.c: 557: DelayFor18TCY();
   420  0007D4  EC62  F004         	call	_DelayFor18TCY	;wreg free
   421                           
   422                           ;lcd.c: 558: LATDbits.LATD0 = 1;
   423  0007D8  808C               	bsf	3980,0,c	;volatile
   424                           
   425                           ;lcd.c: 559: DelayFor18TCY();
   426  0007DA  EC62  F004         	call	_DelayFor18TCY	;wreg free
   427                           
   428                           ;lcd.c: 560: LATDbits.LATD0 = 0;
   429  0007DE  908C               	bcf	3980,0,c	;volatile
   430                           
   431                           ;lcd.c: 562: TRISD |= 0xf0;
   432  0007E0  0EF0               	movlw	240
   433  0007E2  1295               	iorwf	3989,f,c	;volatile
   434                           
   435                           ;lcd.c: 567: return;
   436  0007E4  0012               	return		;funcret
   437  0007E6  FFFF               	dw	65535	; errata NOP
   438  0007E8                     __end_of_WriteDataXLCD:
   439                           	opt stack 0
   440                           tblptru	equ	0xFF8
   441                           tblptrh	equ	0xFF7
   442                           tblptrl	equ	0xFF6
   443                           tablat	equ	0xFF5
   444                           status	equ	0xFD8
   445                           
   446 ;; *************** function _init_XLCD *****************
   447 ;; Defined at:
   448 ;;		line 33 in file "lcdmain.c"
   449 ;; Parameters:    Size  Location     Type
   450 ;;		None
   451 ;; Auto vars:     Size  Location     Type
   452 ;;		None
   453 ;; Return value:  Size  Location     Type
   454 ;;                  1    wreg      void 
   455 ;; Registers used:
   456 ;;		wreg, status,2, status,0, cstack
   457 ;; Tracked objects:
   458 ;;		On entry : 0/0
   459 ;;		On exit  : 0/0
   460 ;;		Unchanged: 0/0
   461 ;; Data sizes:     COMRAM   BANK0   BANK1   BANK2   BANK3   BANK4   BANK5
   462 ;;      Params:         0       0       0       0       0       0       0
   463 ;;      Locals:         0       0       0       0       0       0       0
   464 ;;      Temps:          0       0       0       0       0       0       0
   465 ;;      Totals:         0       0       0       0       0       0       0
   466 ;;Total ram usage:        0 bytes
   467 ;; Hardware stack levels used:    1
   468 ;; Hardware stack levels required when called:    3
   469 ;; This function calls:
   470 ;;		_BusyXLCD
   471 ;;		_OpenXLCD
   472 ;;		_WriteCmdXLCD
   473 ;; This function is called by:
   474 ;;		_main
   475 ;; This function uses a non-reentrant model
   476 ;;
   477                           
   478                           	psect	text3
   479  0007E8                     __ptext3:
   480                           	opt stack 0
   481  0007E8                     _init_XLCD:
   482                           	opt stack 0
   483  0007E8  FFFF               	dw	65535	; assembler added errata NOP
   484                           
   485                           ;lcdmain.c: 36: OpenXLCD(0b00101100 & 0b00111000);
   486                           
   487                           ;incstack = 0
   488  0007EA  0E28               	movlw	40
   489  0007EC  EC07  F003         	call	_OpenXLCD
   490  0007F0  FFFF               	dw	65535	; assembler added errata NOP
   491  0007F2  EC36  F004         	call	_BusyXLCD	;wreg free
   492  0007F6  0900               	iorlw	0
   493  0007F8  A4D8               	btfss	status,2,c
   494  0007FA  D7FA               	goto	l32
   495                           
   496                           ;lcdmain.c: 38: WriteCmdXLCD( 0b00101100 & 0b00111000 );
   497  0007FC  0E28               	movlw	40
   498  0007FE  EC15  F004         	call	_WriteCmdXLCD
   499  000802  FFFF               	dw	65535	; assembler added errata NOP
   500  000804  EC36  F004         	call	_BusyXLCD	;wreg free
   501  000808  0900               	iorlw	0
   502  00080A  A4D8               	btfss	status,2,c
   503  00080C  D7FA               	goto	l35
   504                           
   505                           ;lcdmain.c: 40: WriteCmdXLCD( 0b00001111 );
   506  00080E  0E0F               	movlw	15
   507  000810  EC15  F004         	call	_WriteCmdXLCD
   508  000814  FFFF               	dw	65535	; assembler added errata NOP
   509  000816  EC36  F004         	call	_BusyXLCD	;wreg free
   510  00081A  0900               	iorlw	0
   511  00081C  A4D8               	btfss	status,2,c
   512  00081E  D7FA               	goto	l38
   513                           
   514                           ;lcdmain.c: 42: WriteCmdXLCD( 0b00000110 );
   515  000820  0E06               	movlw	6
   516  000822  EC15  F004         	call	_WriteCmdXLCD
   517  000826  0012               	return		;funcret
   518  000828  FFFF               	dw	65535	; errata NOP
   519  00082A                     __end_of_init_XLCD:
   520                           	opt stack 0
   521                           tblptru	equ	0xFF8
   522                           tblptrh	equ	0xFF7
   523                           tblptrl	equ	0xFF6
   524                           tablat	equ	0xFF5
   525                           status	equ	0xFD8
   526                           
   527 ;; *************** function _OpenXLCD *****************
   528 ;; Defined at:
   529 ;;		line 80 in file "lcd.c"
   530 ;; Parameters:    Size  Location     Type
   531 ;;  lcdtype         1    wreg     unsigned char 
   532 ;; Auto vars:     Size  Location     Type
   533 ;;  lcdtype         1    2[COMRAM] unsigned char 
   534 ;; Return value:  Size  Location     Type
   535 ;;                  1    wreg      void 
   536 ;; Registers used:
   537 ;;		wreg, status,2, status,0, cstack
   538 ;; Tracked objects:
   539 ;;		On entry : 0/0
   540 ;;		On exit  : 0/0
   541 ;;		Unchanged: 0/0
   542 ;; Data sizes:     COMRAM   BANK0   BANK1   BANK2   BANK3   BANK4   BANK5
   543 ;;      Params:         0       0       0       0       0       0       0
   544 ;;      Locals:         1       0       0       0       0       0       0
   545 ;;      Temps:          1       0       0       0       0       0       0
   546 ;;      Totals:         2       0       0       0       0       0       0
   547 ;;Total ram usage:        2 bytes
   548 ;; Hardware stack levels used:    1
   549 ;; Hardware stack levels required when called:    2
   550 ;; This function calls:
   551 ;;		_BusyXLCD
   552 ;;		_DelayPORXLCD
   553 ;;		_SetDDRamAddr
   554 ;;		_WriteCmdXLCD
   555 ;; This function is called by:
   556 ;;		_init_XLCD
   557 ;; This function uses a non-reentrant model
   558 ;;
   559                           
   560                           	psect	text4
   561  00060E                     __ptext4:
   562                           	opt stack 0
   563  00060E                     _OpenXLCD:
   564                           	opt stack 0
   565  00060E  FFFF               	dw	65535	; assembler added errata NOP
   566                           
   567                           ;incstack = 0
   568                           ;OpenXLCD@lcdtype stored from wreg
   569  000610  6E03               	movwf	OpenXLCD@lcdtype,c
   570                           
   571                           ;lcd.c: 89: PORTD &= 0x0f;
   572  000612  0E0F               	movlw	15
   573  000614  1683               	andwf	3971,f,c	;volatile
   574                           
   575                           ;lcd.c: 90: TRISD &= 0x0F;
   576  000616  0E0F               	movlw	15
   577  000618  1695               	andwf	3989,f,c	;volatile
   578                           
   579                           ;lcd.c: 96: TRISDbits.TRISD2 = 0;
   580  00061A  9495               	bcf	3989,2,c	;volatile
   581                           
   582                           ;lcd.c: 97: TRISDbits.TRISD1 = 0;
   583  00061C  9295               	bcf	3989,1,c	;volatile
   584                           
   585                           ;lcd.c: 98: TRISDbits.TRISD0 = 0;
   586  00061E  9095               	bcf	3989,0,c	;volatile
   587                           
   588                           ;lcd.c: 99: LATDbits.LATD2 = 0;
   589  000620  948C               	bcf	3980,2,c	;volatile
   590                           
   591                           ;lcd.c: 100: LATDbits.LATD1 = 0;
   592  000622  928C               	bcf	3980,1,c	;volatile
   593                           
   594                           ;lcd.c: 101: LATDbits.LATD0 = 0;
   595  000624  908C               	bcf	3980,0,c	;volatile
   596                           
   597                           ;lcd.c: 104: DelayPORXLCD();
   598  000626  EC57  F004         	call	_DelayPORXLCD	;wreg free
   599                           
   600                           ;lcd.c: 106: WriteCmdXLCD(0x30);
   601  00062A  0E30               	movlw	48
   602  00062C  EC15  F004         	call	_WriteCmdXLCD
   603                           
   604                           ;lcd.c: 108: _delay((unsigned long)((15)*((4000000)/4000.0)));
   605  000630  0E0F               	movlw	15
   606  000632  6E02               	movwf	??_OpenXLCD& (0+255),c
   607  000634  0E9E               	movlw	158
   608  000636                     u207:
   609  000636  FFFF               	dw	65535	; errata NOP
   610  000638  2EE8               	decfsz	wreg,f,c
   611  00063A  D7FD               	bra	u207
   612  00063C  2E02               	decfsz	??_OpenXLCD& (0+255),f,c
   613  00063E  D7FB               	bra	u207
   614                           
   615                           ;lcd.c: 110: WriteCmdXLCD(0x30);
   616  000640  0E30               	movlw	48
   617  000642  EC15  F004         	call	_WriteCmdXLCD
   618                           
   619                           ;lcd.c: 112: _delay((unsigned long)((15)*((4000000)/4000.0)));
   620  000646  0E0F               	movlw	15
   621  000648  6E02               	movwf	??_OpenXLCD& (0+255),c
   622  00064A  0E9E               	movlw	158
   623  00064C                     u217:
   624  00064C  FFFF               	dw	65535	; errata NOP
   625  00064E  2EE8               	decfsz	wreg,f,c
   626  000650  D7FD               	bra	u217
   627  000652  2E02               	decfsz	??_OpenXLCD& (0+255),f,c
   628  000654  D7FB               	bra	u217
   629                           
   630                           ;lcd.c: 114: WriteCmdXLCD(0x32);
   631  000656  0E32               	movlw	50
   632  000658  EC15  F004         	call	_WriteCmdXLCD
   633  00065C  FFFF               	dw	65535	; assembler added errata NOP
   634  00065E  EC36  F004         	call	_BusyXLCD	;wreg free
   635  000662  0900               	iorlw	0
   636  000664  A4D8               	btfss	status,2,c
   637  000666  D7FA               	goto	l89
   638  000668                     u20:
   639  000668  FFFF               	dw	65535	; assembler added errata NOP
   640                           
   641                           ;lcd.c: 120: while(BusyXLCD());
   642  00066A  EC36  F004         	call	_BusyXLCD	;wreg free
   643  00066E  0900               	iorlw	0
   644  000670  A4D8               	btfss	status,2,c
   645  000672  D7FA               	goto	u20
   646                           
   647                           ;lcd.c: 121: WriteCmdXLCD(lcdtype);
   648  000674  5003               	movf	OpenXLCD@lcdtype,w,c
   649  000676  EC15  F004         	call	_WriteCmdXLCD
   650  00067A  FFFF               	dw	65535	; assembler added errata NOP
   651  00067C  EC36  F004         	call	_BusyXLCD	;wreg free
   652  000680  0900               	iorlw	0
   653  000682  A4D8               	btfss	status,2,c
   654  000684  D7FA               	goto	l95
   655                           
   656                           ;lcd.c: 125: WriteCmdXLCD(0b00001011&0b00001101&0b00001110);
   657  000686  0E08               	movlw	8
   658  000688  EC15  F004         	call	_WriteCmdXLCD
   659  00068C  FFFF               	dw	65535	; assembler added errata NOP
   660  00068E  EC36  F004         	call	_BusyXLCD	;wreg free
   661  000692  0900               	iorlw	0
   662  000694  A4D8               	btfss	status,2,c
   663  000696  D7FA               	goto	l98
   664                           
   665                           ;lcd.c: 127: WriteCmdXLCD(0b00001111&0b00001111&0b00001111);
   666  000698  0E0F               	movlw	15
   667  00069A  EC15  F004         	call	_WriteCmdXLCD
   668  00069E  FFFF               	dw	65535	; assembler added errata NOP
   669  0006A0  EC36  F004         	call	_BusyXLCD	;wreg free
   670  0006A4  0900               	iorlw	0
   671  0006A6  A4D8               	btfss	status,2,c
   672  0006A8  D7FA               	goto	l101
   673                           
   674                           ;lcd.c: 131: WriteCmdXLCD(0x01);
   675  0006AA  0E01               	movlw	1
   676  0006AC  EC15  F004         	call	_WriteCmdXLCD
   677  0006B0  FFFF               	dw	65535	; assembler added errata NOP
   678  0006B2  EC36  F004         	call	_BusyXLCD	;wreg free
   679  0006B6  0900               	iorlw	0
   680  0006B8  A4D8               	btfss	status,2,c
   681  0006BA  D7FA               	goto	l104
   682                           
   683                           ;lcd.c: 135: WriteCmdXLCD(0b00000100);
   684  0006BC  0E04               	movlw	4
   685  0006BE  EC15  F004         	call	_WriteCmdXLCD
   686  0006C2  FFFF               	dw	65535	; assembler added errata NOP
   687  0006C4  EC36  F004         	call	_BusyXLCD	;wreg free
   688  0006C8  0900               	iorlw	0
   689  0006CA  A4D8               	btfss	status,2,c
   690  0006CC  D7FA               	goto	l107
   691                           
   692                           ;lcd.c: 139: SetDDRamAddr(0x80);
   693  0006CE  0E80               	movlw	128
   694  0006D0  EC90  F003         	call	_SetDDRamAddr
   695                           
   696                           ;lcd.c: 141: return;
   697  0006D4  0012               	return		;funcret
   698  0006D6  FFFF               	dw	65535	; errata NOP
   699  0006D8                     __end_of_OpenXLCD:
   700                           	opt stack 0
   701                           tblptru	equ	0xFF8
   702                           tblptrh	equ	0xFF7
   703                           tblptrl	equ	0xFF6
   704                           tablat	equ	0xFF5
   705                           wreg	equ	0xFE8
   706                           status	equ	0xFD8
   707                           
   708 ;; *************** function _WriteCmdXLCD *****************
   709 ;; Defined at:
   710 ;;		line 455 in file "lcd.c"
   711 ;; Parameters:    Size  Location     Type
   712 ;;  cmd             1    wreg     unsigned char 
   713 ;; Auto vars:     Size  Location     Type
   714 ;;  cmd             1    0[COMRAM] unsigned char 
   715 ;; Return value:  Size  Location     Type
   716 ;;                  1    wreg      void 
   717 ;; Registers used:
   718 ;;		wreg, status,2, status,0, cstack
   719 ;; Tracked objects:
   720 ;;		On entry : 0/0
   721 ;;		On exit  : 0/0
   722 ;;		Unchanged: 0/0
   723 ;; Data sizes:     COMRAM   BANK0   BANK1   BANK2   BANK3   BANK4   BANK5
   724 ;;      Params:         0       0       0       0       0       0       0
   725 ;;      Locals:         1       0       0       0       0       0       0
   726 ;;      Temps:          0       0       0       0       0       0       0
   727 ;;      Totals:         1       0       0       0       0       0       0
   728 ;;Total ram usage:        1 bytes
   729 ;; Hardware stack levels used:    1
   730 ;; Hardware stack levels required when called:    1
   731 ;; This function calls:
   732 ;;		_DelayFor18TCY
   733 ;; This function is called by:
   734 ;;		_init_XLCD
   735 ;;		_OpenXLCD
   736 ;; This function uses a non-reentrant model
   737 ;;
   738                           
   739                           	psect	text5
   740  00082A                     __ptext5:
   741                           	opt stack 0
   742  00082A                     _WriteCmdXLCD:
   743                           	opt stack 0
   744  00082A  FFFF               	dw	65535	; assembler added errata NOP
   745                           
   746                           ;incstack = 0
   747                           ;WriteCmdXLCD@cmd stored from wreg
   748  00082C  6E01               	movwf	WriteCmdXLCD@cmd,c
   749                           
   750                           ;lcd.c: 470: TRISD &= 0x0f;
   751  00082E  0E0F               	movlw	15
   752  000830  1695               	andwf	3989,f,c	;volatile
   753                           
   754                           ;lcd.c: 471: PORTD &= 0x0f;
   755  000832  0E0F               	movlw	15
   756  000834  1683               	andwf	3971,f,c	;volatile
   757                           
   758                           ;lcd.c: 472: PORTD |= cmd&0xf0;
   759  000836  5001               	movf	WriteCmdXLCD@cmd,w,c
   760  000838  0BF0               	andlw	240
   761  00083A  1283               	iorwf	3971,f,c	;volatile
   762                           
   763                           ;lcd.c: 478: LATDbits.LATD2 = 0;
   764  00083C  948C               	bcf	3980,2,c	;volatile
   765                           
   766                           ;lcd.c: 479: LATDbits.LATD1 = 0;
   767  00083E  928C               	bcf	3980,1,c	;volatile
   768                           
   769                           ;lcd.c: 480: DelayFor18TCY();
   770  000840  EC62  F004         	call	_DelayFor18TCY	;wreg free
   771                           
   772                           ;lcd.c: 481: LATDbits.LATD0 = 1;
   773  000844  808C               	bsf	3980,0,c	;volatile
   774                           
   775                           ;lcd.c: 482: DelayFor18TCY();
   776  000846  EC62  F004         	call	_DelayFor18TCY	;wreg free
   777                           
   778                           ;lcd.c: 483: LATDbits.LATD0 = 0;
   779  00084A  908C               	bcf	3980,0,c	;volatile
   780                           
   781                           ;lcd.c: 485: PORTD &= 0x0f;
   782  00084C  0E0F               	movlw	15
   783  00084E  1683               	andwf	3971,f,c	;volatile
   784                           
   785                           ;lcd.c: 486: PORTD |= (cmd<<4)&0xf0;
   786  000850  3801               	swapf	WriteCmdXLCD@cmd,w,c
   787  000852  0BF0               	andlw	240
   788  000854  0BF0               	andlw	240
   789  000856  1283               	iorwf	3971,f,c	;volatile
   790                           
   791                           ;lcd.c: 491: DelayFor18TCY();
   792  000858  EC62  F004         	call	_DelayFor18TCY	;wreg free
   793                           
   794                           ;lcd.c: 492: LATDbits.LATD0 = 1;
   795  00085C  808C               	bsf	3980,0,c	;volatile
   796                           
   797                           ;lcd.c: 493: DelayFor18TCY();
   798  00085E  EC62  F004         	call	_DelayFor18TCY	;wreg free
   799                           
   800                           ;lcd.c: 494: LATDbits.LATD0 = 0;
   801  000862  908C               	bcf	3980,0,c	;volatile
   802                           
   803                           ;lcd.c: 496: TRISD |= 0xf0;
   804  000864  0EF0               	movlw	240
   805  000866  1295               	iorwf	3989,f,c	;volatile
   806                           
   807                           ;lcd.c: 501: return;
   808  000868  0012               	return		;funcret
   809  00086A  FFFF               	dw	65535	; errata NOP
   810  00086C                     __end_of_WriteCmdXLCD:
   811                           	opt stack 0
   812                           tblptru	equ	0xFF8
   813                           tblptrh	equ	0xFF7
   814                           tblptrl	equ	0xFF6
   815                           tablat	equ	0xFF5
   816                           wreg	equ	0xFE8
   817                           status	equ	0xFD8
   818                           
   819 ;; *************** function _SetDDRamAddr *****************
   820 ;; Defined at:
   821 ;;		line 392 in file "lcd.c"
   822 ;; Parameters:    Size  Location     Type
   823 ;;  DDaddr          1    wreg     unsigned char 
   824 ;; Auto vars:     Size  Location     Type
   825 ;;  DDaddr          1    0[COMRAM] unsigned char 
   826 ;; Return value:  Size  Location     Type
   827 ;;                  1    wreg      void 
   828 ;; Registers used:
   829 ;;		wreg, status,2, status,0, cstack
   830 ;; Tracked objects:
   831 ;;		On entry : 0/0
   832 ;;		On exit  : 0/0
   833 ;;		Unchanged: 0/0
   834 ;; Data sizes:     COMRAM   BANK0   BANK1   BANK2   BANK3   BANK4   BANK5
   835 ;;      Params:         0       0       0       0       0       0       0
   836 ;;      Locals:         1       0       0       0       0       0       0
   837 ;;      Temps:          0       0       0       0       0       0       0
   838 ;;      Totals:         1       0       0       0       0       0       0
   839 ;;Total ram usage:        1 bytes
   840 ;; Hardware stack levels used:    1
   841 ;; Hardware stack levels required when called:    1
   842 ;; This function calls:
   843 ;;		_DelayFor18TCY
   844 ;; This function is called by:
   845 ;;		_main
   846 ;;		_OpenXLCD
   847 ;; This function uses a non-reentrant model
   848 ;;
   849                           
   850                           	psect	text6
   851  000720                     __ptext6:
   852                           	opt stack 0
   853  000720                     _SetDDRamAddr:
   854                           	opt stack 0
   855  000720  FFFF               	dw	65535	; assembler added errata NOP
   856                           
   857                           ;incstack = 0
   858                           ;SetDDRamAddr@DDaddr stored from wreg
   859  000722  6E01               	movwf	SetDDRamAddr@DDaddr,c
   860                           
   861                           ;lcd.c: 407: TRISD &= 0x0f;
   862  000724  0E0F               	movlw	15
   863  000726  1695               	andwf	3989,f,c	;volatile
   864                           
   865                           ;lcd.c: 408: PORTD &= 0x0f;
   866  000728  0E0F               	movlw	15
   867  00072A  1683               	andwf	3971,f,c	;volatile
   868                           
   869                           ;lcd.c: 409: PORTD |= ((DDaddr | 0b10000000) & 0xf0);
   870  00072C  5001               	movf	SetDDRamAddr@DDaddr,w,c
   871  00072E  0980               	iorlw	128
   872  000730  0BF0               	andlw	240
   873  000732  1283               	iorwf	3971,f,c	;volatile
   874                           
   875                           ;lcd.c: 415: LATDbits.LATD2 = 0;
   876  000734  948C               	bcf	3980,2,c	;volatile
   877                           
   878                           ;lcd.c: 416: LATDbits.LATD1 = 0;
   879  000736  928C               	bcf	3980,1,c	;volatile
   880                           
   881                           ;lcd.c: 417: DelayFor18TCY();
   882  000738  EC62  F004         	call	_DelayFor18TCY	;wreg free
   883                           
   884                           ;lcd.c: 418: LATDbits.LATD0 = 1;
   885  00073C  808C               	bsf	3980,0,c	;volatile
   886                           
   887                           ;lcd.c: 419: DelayFor18TCY();
   888  00073E  EC62  F004         	call	_DelayFor18TCY	;wreg free
   889                           
   890                           ;lcd.c: 420: LATDbits.LATD0 = 0;
   891  000742  908C               	bcf	3980,0,c	;volatile
   892                           
   893                           ;lcd.c: 422: PORTD &= 0x0f;
   894  000744  0E0F               	movlw	15
   895  000746  1683               	andwf	3971,f,c	;volatile
   896                           
   897                           ;lcd.c: 423: PORTD |= ((DDaddr<<4)&0xf0);
   898  000748  3801               	swapf	SetDDRamAddr@DDaddr,w,c
   899  00074A  0BF0               	andlw	240
   900  00074C  0BF0               	andlw	240
   901  00074E  1283               	iorwf	3971,f,c	;volatile
   902                           
   903                           ;lcd.c: 428: DelayFor18TCY();
   904  000750  EC62  F004         	call	_DelayFor18TCY	;wreg free
   905                           
   906                           ;lcd.c: 429: LATDbits.LATD0 = 1;
   907  000754  808C               	bsf	3980,0,c	;volatile
   908                           
   909                           ;lcd.c: 430: DelayFor18TCY();
   910  000756  EC62  F004         	call	_DelayFor18TCY	;wreg free
   911                           
   912                           ;lcd.c: 431: LATDbits.LATD0 = 0;
   913  00075A  908C               	bcf	3980,0,c	;volatile
   914                           
   915                           ;lcd.c: 433: TRISD |= 0xf0;
   916  00075C  0EF0               	movlw	240
   917  00075E  1295               	iorwf	3989,f,c	;volatile
   918                           
   919                           ;lcd.c: 438: return;
   920  000760  0012               	return		;funcret
   921  000762  FFFF               	dw	65535	; errata NOP
   922  000764                     __end_of_SetDDRamAddr:
   923                           	opt stack 0
   924                           tblptru	equ	0xFF8
   925                           tblptrh	equ	0xFF7
   926                           tblptrl	equ	0xFF6
   927                           tablat	equ	0xFF5
   928                           wreg	equ	0xFE8
   929                           status	equ	0xFD8
   930                           
   931 ;; *************** function _DelayPORXLCD *****************
   932 ;; Defined at:
   933 ;;		line 76 in file "lcdmain.c"
   934 ;; Parameters:    Size  Location     Type
   935 ;;		None
   936 ;; Auto vars:     Size  Location     Type
   937 ;;		None
   938 ;; Return value:  Size  Location     Type
   939 ;;                  1    wreg      void 
   940 ;; Registers used:
   941 ;;		wreg
   942 ;; Tracked objects:
   943 ;;		On entry : 0/0
   944 ;;		On exit  : 0/0
   945 ;;		Unchanged: 0/0
   946 ;; Data sizes:     COMRAM   BANK0   BANK1   BANK2   BANK3   BANK4   BANK5
   947 ;;      Params:         0       0       0       0       0       0       0
   948 ;;      Locals:         0       0       0       0       0       0       0
   949 ;;      Temps:          1       0       0       0       0       0       0
   950 ;;      Totals:         1       0       0       0       0       0       0
   951 ;;Total ram usage:        1 bytes
   952 ;; Hardware stack levels used:    1
   953 ;; This function calls:
   954 ;;		Nothing
   955 ;; This function is called by:
   956 ;;		_OpenXLCD
   957 ;; This function uses a non-reentrant model
   958 ;;
   959                           
   960                           	psect	text7
   961  0008AE                     __ptext7:
   962                           	opt stack 0
   963  0008AE                     _DelayPORXLCD:
   964                           	opt stack 0
   965  0008AE  FFFF               	dw	65535	; assembler added errata NOP
   966                           
   967                           ;lcdmain.c: 78: _delay((unsigned long)((15)*((4000000)/4000.0)));
   968                           
   969                           ;incstack = 0
   970  0008B0  0E0F               	movlw	15
   971  0008B2  6E01               	movwf	??_DelayPORXLCD& (0+255),c
   972  0008B4  0E9E               	movlw	158
   973  0008B6                     u227:
   974  0008B6  FFFF               	dw	65535	; errata NOP
   975  0008B8  2EE8               	decfsz	wreg,f,c
   976  0008BA  D7FD               	bra	u227
   977  0008BC  2E01               	decfsz	??_DelayPORXLCD& (0+255),f,c
   978  0008BE  D7FB               	bra	u227
   979  0008C0  0012               	return		;funcret
   980  0008C2  FFFF               	dw	65535	; errata NOP
   981  0008C4                     __end_of_DelayPORXLCD:
   982                           	opt stack 0
   983                           tblptru	equ	0xFF8
   984                           tblptrh	equ	0xFF7
   985                           tblptrl	equ	0xFF6
   986                           tablat	equ	0xFF5
   987                           wreg	equ	0xFE8
   988                           status	equ	0xFD8
   989                           
   990 ;; *************** function _BusyXLCD *****************
   991 ;; Defined at:
   992 ;;		line 12 in file "lcd.c"
   993 ;; Parameters:    Size  Location     Type
   994 ;;		None
   995 ;; Auto vars:     Size  Location     Type
   996 ;;		None
   997 ;; Return value:  Size  Location     Type
   998 ;;                  1    wreg      unsigned char 
   999 ;; Registers used:
  1000 ;;		wreg, cstack
  1001 ;; Tracked objects:
  1002 ;;		On entry : 0/0
  1003 ;;		On exit  : 0/0
  1004 ;;		Unchanged: 0/0
  1005 ;; Data sizes:     COMRAM   BANK0   BANK1   BANK2   BANK3   BANK4   BANK5
  1006 ;;      Params:         0       0       0       0       0       0       0
  1007 ;;      Locals:         0       0       0       0       0       0       0
  1008 ;;      Temps:          0       0       0       0       0       0       0
  1009 ;;      Totals:         0       0       0       0       0       0       0
  1010 ;;Total ram usage:        0 bytes
  1011 ;; Hardware stack levels used:    1
  1012 ;; Hardware stack levels required when called:    1
  1013 ;; This function calls:
  1014 ;;		_DelayFor18TCY
  1015 ;; This function is called by:
  1016 ;;		_init_XLCD
  1017 ;;		_main
  1018 ;;		_OpenXLCD
  1019 ;;		_putrsXLCD
  1020 ;;		_putsXLCD
  1021 ;; This function uses a non-reentrant model
  1022 ;;
  1023                           
  1024                           	psect	text8
  1025  00086C                     __ptext8:
  1026                           	opt stack 0
  1027  00086C                     _BusyXLCD:
  1028                           	opt stack 0
  1029  00086C  FFFF               	dw	65535	; assembler added errata NOP
  1030                           
  1031                           ;lcd.c: 14: LATDbits.LATD2 = 1;
  1032                           
  1033                           ;incstack = 0
  1034  00086E  848C               	bsf	3980,2,c	;volatile
  1035                           
  1036                           ;lcd.c: 15: LATDbits.LATD1 = 0;
  1037  000870  928C               	bcf	3980,1,c	;volatile
  1038                           
  1039                           ;lcd.c: 16: DelayFor18TCY();
  1040  000872  EC62  F004         	call	_DelayFor18TCY	;wreg free
  1041                           
  1042                           ;lcd.c: 17: LATDbits.LATD0 = 1;
  1043  000876  808C               	bsf	3980,0,c	;volatile
  1044                           
  1045                           ;lcd.c: 18: DelayFor18TCY();
  1046  000878  EC62  F004         	call	_DelayFor18TCY	;wreg free
  1047                           
  1048                           ;lcd.c: 34: if(PORTD&0x80)
  1049  00087C  AE83               	btfss	3971,7,c	;volatile
  1050  00087E  D00A               	goto	l83
  1051                           
  1052                           ;lcd.c: 38: {
  1053                           ;lcd.c: 39: LATDbits.LATD0 = 0;
  1054  000880  908C               	bcf	3980,0,c	;volatile
  1055                           
  1056                           ;lcd.c: 40: DelayFor18TCY();
  1057  000882  EC62  F004         	call	_DelayFor18TCY	;wreg free
  1058                           
  1059                           ;lcd.c: 41: LATDbits.LATD0 = 1;
  1060  000886  808C               	bsf	3980,0,c	;volatile
  1061                           
  1062                           ;lcd.c: 42: DelayFor18TCY();
  1063  000888  EC62  F004         	call	_DelayFor18TCY	;wreg free
  1064                           
  1065                           ;lcd.c: 43: LATDbits.LATD0 = 0;
  1066  00088C  908C               	bcf	3980,0,c	;volatile
  1067                           
  1068                           ;lcd.c: 44: LATDbits.LATD2 = 0;
  1069  00088E  948C               	bcf	3980,2,c	;volatile
  1070                           
  1071                           ;lcd.c: 45: return 1;
  1072  000890  0E01               	movlw	1
  1073                           
  1074                           ;lcd.c: 46: }
  1075  000892  D00A               	goto	l803
  1076  000894                     l83:
  1077  000894  FFFF               	dw	65535	; assembler added errata NOP
  1078                           
  1079                           ;lcd.c: 47: else
  1080                           ;lcd.c: 48: {
  1081                           ;lcd.c: 49: LATDbits.LATD0 = 0;
  1082  000896  908C               	bcf	3980,0,c	;volatile
  1083                           
  1084                           ;lcd.c: 50: DelayFor18TCY();
  1085  000898  EC62  F004         	call	_DelayFor18TCY	;wreg free
  1086                           
  1087                           ;lcd.c: 51: LATDbits.LATD0 = 1;
  1088  00089C  808C               	bsf	3980,0,c	;volatile
  1089                           
  1090                           ;lcd.c: 52: DelayFor18TCY();
  1091  00089E  EC62  F004         	call	_DelayFor18TCY	;wreg free
  1092                           
  1093                           ;lcd.c: 53: LATDbits.LATD0 = 0;
  1094  0008A2  908C               	bcf	3980,0,c	;volatile
  1095                           
  1096                           ;lcd.c: 54: LATDbits.LATD2 = 0;
  1097  0008A4  948C               	bcf	3980,2,c	;volatile
  1098                           
  1099                           ;lcd.c: 55: return 0;
  1100  0008A6  0E00               	movlw	0
  1101  0008A8                     l803:
  1102  0008A8  FFFF               	dw	65535	; assembler added errata NOP
  1103  0008AA  0012               	return		;funcret
  1104  0008AC  FFFF               	dw	65535	; errata NOP
  1105  0008AE                     __end_of_BusyXLCD:
  1106                           	opt stack 0
  1107                           tblptru	equ	0xFF8
  1108                           tblptrh	equ	0xFF7
  1109                           tblptrl	equ	0xFF6
  1110                           tablat	equ	0xFF5
  1111                           wreg	equ	0xFE8
  1112                           status	equ	0xFD8
  1113                           
  1114 ;; *************** function _DelayFor18TCY *****************
  1115 ;; Defined at:
  1116 ;;		line 69 in file "lcdmain.c"
  1117 ;; Parameters:    Size  Location     Type
  1118 ;;		None
  1119 ;; Auto vars:     Size  Location     Type
  1120 ;;		None
  1121 ;; Return value:  Size  Location     Type
  1122 ;;                  1    wreg      void 
  1123 ;; Registers used:
  1124 ;;		wreg
  1125 ;; Tracked objects:
  1126 ;;		On entry : 0/0
  1127 ;;		On exit  : 0/0
  1128 ;;		Unchanged: 0/0
  1129 ;; Data sizes:     COMRAM   BANK0   BANK1   BANK2   BANK3   BANK4   BANK5
  1130 ;;      Params:         0       0       0       0       0       0       0
  1131 ;;      Locals:         0       0       0       0       0       0       0
  1132 ;;      Temps:          0       0       0       0       0       0       0
  1133 ;;      Totals:         0       0       0       0       0       0       0
  1134 ;;Total ram usage:        0 bytes
  1135 ;; Hardware stack levels used:    1
  1136 ;; This function calls:
  1137 ;;		Nothing
  1138 ;; This function is called by:
  1139 ;;		_BusyXLCD
  1140 ;;		_SetDDRamAddr
  1141 ;;		_WriteCmdXLCD
  1142 ;;		_WriteDataXLCD
  1143 ;;		_ReadAddrXLCD
  1144 ;;		_ReadDataXLCD
  1145 ;;		_SetCGRamAddr
  1146 ;; This function uses a non-reentrant model
  1147 ;;
  1148                           
  1149                           	psect	text9
  1150  0008C4                     __ptext9:
  1151                           	opt stack 0
  1152  0008C4                     _DelayFor18TCY:
  1153                           	opt stack 0
  1154  0008C4  FFFF               	dw	65535	; assembler added errata NOP
  1155                           
  1156                           ;lcdmain.c: 71: _delay((unsigned long)((18)*((4000000)/4000000.0)));
  1157                           
  1158                           ;incstack = 0
  1159  0008C6  0E04               	movlw	4
  1160  0008C8                     u237:
  1161  0008C8  FFFF               	dw	65535	; errata NOP
  1162  0008CA  2EE8               	decfsz	wreg,f,c
  1163  0008CC  D7FD               	bra	u237
  1164  0008CE  D000               	nop2	
  1165  0008D0  0012               	return		;funcret
  1166  0008D2  FFFF               	dw	65535	; errata NOP
  1167  0008D4                     __end_of_DelayFor18TCY:
  1168                           	opt stack 0
  1169                           tblptru	equ	0xFF8
  1170                           tblptrh	equ	0xFF7
  1171                           tblptrl	equ	0xFF6
  1172                           tablat	equ	0xFF5
  1173                           wreg	equ	0xFE8
  1174                           status	equ	0xFD8
  1175                           tblptru	equ	0xFF8
  1176                           tblptrh	equ	0xFF7
  1177                           tblptrl	equ	0xFF6
  1178                           tablat	equ	0xFF5
  1179                           wreg	equ	0xFE8
  1180                           status	equ	0xFD8
  1181                           
  1182                           	psect	rparam
  1183  0000                     tblptru	equ	0xFF8
  1184                           tblptrh	equ	0xFF7
  1185                           tblptrl	equ	0xFF6
  1186                           tablat	equ	0xFF5
  1187                           wreg	equ	0xFE8
  1188                           status	equ	0xFD8


Data Sizes:
    Strings     12
    Constant    0
    Data        0
    BSS         0
    Persistent  0
    Stack       0

Auto Spaces:
    Space          Size  Autos    Used
    COMRAM          127      3       3
    BANK0           128      0       0
    BANK1           256      0       0
    BANK2           256      0       0
    BANK3           256      0       0
    BANK4           256      0       0
    BANK5           256      0       0

Pointer List with Targets:

    putrsXLCD@buffer	PTR const unsigned char  size(2) Largest target is 12
		 -> STR_1(CODE[12]), 


Critical Paths under _main in COMRAM

    _main->_putrsXLCD
    _putrsXLCD->_WriteDataXLCD
    _init_XLCD->_OpenXLCD
    _OpenXLCD->_DelayPORXLCD
    _OpenXLCD->_SetDDRamAddr
    _OpenXLCD->_WriteCmdXLCD

Critical Paths under _main in BANK0

    None.

Critical Paths under _main in BANK1

    None.

Critical Paths under _main in BANK2

    None.

Critical Paths under _main in BANK3

    None.

Critical Paths under _main in BANK4

    None.

Critical Paths under _main in BANK5

    None.

Call Graph Tables:

 ---------------------------------------------------------------------------------
 (Depth) Function   	        Calls       Base Space   Used Autos Params    Refs
 ---------------------------------------------------------------------------------
 (0) _main                                                 0     0      0     286
                           _BusyXLCD
                       _SetDDRamAddr
                          _init_XLCD
                          _putrsXLCD
 ---------------------------------------------------------------------------------
 (1) _putrsXLCD                                            2     0      2     151
                                              1 COMRAM     2     0      2
                           _BusyXLCD
                      _WriteDataXLCD
 ---------------------------------------------------------------------------------
 (2) _WriteDataXLCD                                        1     1      0      30
                                              0 COMRAM     1     1      0
                      _DelayFor18TCY
 ---------------------------------------------------------------------------------
 (1) _init_XLCD                                            0     0      0     105
                           _BusyXLCD
                           _OpenXLCD
                       _WriteCmdXLCD
 ---------------------------------------------------------------------------------
 (2) _OpenXLCD                                             2     2      0      75
                                              1 COMRAM     2     2      0
                           _BusyXLCD
                       _DelayPORXLCD
                       _SetDDRamAddr
                       _WriteCmdXLCD
 ---------------------------------------------------------------------------------
 (2) _WriteCmdXLCD                                         1     1      0      30
                                              0 COMRAM     1     1      0
                      _DelayFor18TCY
 ---------------------------------------------------------------------------------
 (3) _SetDDRamAddr                                         1     1      0      30
                                              0 COMRAM     1     1      0
                      _DelayFor18TCY
 ---------------------------------------------------------------------------------
 (3) _DelayPORXLCD                                         1     1      0       0
                                              0 COMRAM     1     1      0
 ---------------------------------------------------------------------------------
 (2) _BusyXLCD                                             0     0      0       0
                      _DelayFor18TCY
 ---------------------------------------------------------------------------------
 (3) _DelayFor18TCY                                        0     0      0       0
 ---------------------------------------------------------------------------------
 Estimated maximum stack depth 3
 ---------------------------------------------------------------------------------

 Call Graph Graphs:

 _main (ROOT)
   _BusyXLCD
     _DelayFor18TCY
   _SetDDRamAddr
     _DelayFor18TCY
   _init_XLCD
     _BusyXLCD
       _DelayFor18TCY
     _OpenXLCD
       _BusyXLCD
         _DelayFor18TCY
       _DelayPORXLCD
       _SetDDRamAddr
         _DelayFor18TCY
       _WriteCmdXLCD
         _DelayFor18TCY
     _WriteCmdXLCD
       _DelayFor18TCY
   _putrsXLCD
     _BusyXLCD
       _DelayFor18TCY
     _WriteDataXLCD
       _DelayFor18TCY

 Address spaces:
Name               Size   Autos  Total    Cost      Usage
BITCOMRAM           7F      0       0       0        0.0%
EEDATA             100      0       0       0        0.0%
NULL                 0      0       0       0        0.0%
CODE                 0      0       0       0        0.0%
COMRAM              7F      3       3       1        2.4%
STACK                0      0       0       2        0.0%
DATA                 0      0       0       3        0.0%
BITBANK0            80      0       0       4        0.0%
BANK0               80      0       0       5        0.0%
BITBANK1           100      0       0       6        0.0%
BANK1              100      0       0       7        0.0%
BITBANK2           100      0       0       8        0.0%
BANK2              100      0       0       9        0.0%
BITBANK3           100      0       0      10        0.0%
BANK3              100      0       0      11        0.0%
BITBANK4           100      0       0      12        0.0%
BANK4              100      0       0      13        0.0%
BANK5              100      0       0      14        0.0%
ABS                  0      0       0      15        0.0%
BITBANK5           100      0       0      16        0.0%
BIGRAM             5FF      0       0      17        0.0%
BITSFR               0      0       0     200        0.0%
SFR                  0      0       0     200        0.0%


Microchip Technology PIC18 Macro Assembler V1.43 build -156212558 
Symbol Table                                                                                   Wed Oct 11 17:44:38 2017

                                                             l32 07F0  
                                                             l35 0802  
                                                             l38 0814  
                                                             l46 06FE  
                                                             l48 071C  
                                                             l83 0894  
                                                             l95 067A  
                                                             l89 065C  
                                                             l98 068C  
                                                             u20 0668  
                                                    __CFG_OSC$HS 000000  
                                                            l101 069E  
                                                            l104 06B0  
                                                            l112 078A  
                                                            l113 0768  
                                                            l107 06C2  
                                                            l803 08A8  
                                                            u207 0636  
                                                            u217 064C  
                                                            u227 08B6  
                                                            u237 08C8  
                                          __size_of_WriteCmdXLCD 0042  
                                                            wreg 000FE8  
                                                   __CFG_LVP$OFF 000000  
                                                   __CFG_WDT$OFF 000000  
                                                           STR_1 0601  
                                                           _LATB 000F8A  
                                                           _LATD 000F8C  
                                                           _main 06D8  
                                         __size_of_WriteDataXLCD 0042  
                                                           start 0002  
                                                   ___param_bank 000000  
                                                   _WriteCmdXLCD 082A  
                                                  ?_SetDDRamAddr 0001  
                                                          ?_main 0001  
                                                          _PORTD 000F83  
                                                          _TRISA 000F92  
                                                          _TRISB 000F93  
                                                          _TRISC 000F94  
                                                          _TRISD 000F95  
                                                          tablat 000FF5  
                                                          status 000FD8  
                                                __initialization 08D4  
                                                   __end_of_main 0720  
                                               __end_of_BusyXLCD 08AE  
                                          __size_of_DelayPORXLCD 0016  
                                                 ??_SetDDRamAddr 0001  
                                               __end_of_OpenXLCD 06D8  
                                                         ??_main 0004  
                                                  __activetblptr 000001  
                                                  _WriteDataXLCD 07A6  
                                                         _ADCON1 000FC1  
                                                         _OSCCON 000FD3  
                                                   _DelayPORXLCD 08AE  
                                                 ?_WriteDataXLCD 0001  
                                                   __mediumconst 0000  
                                                         tblptrh 000FF7  
                                                         tblptrl 000FF6  
                                                         tblptru 000FF8  
                                                     __accesstop 0080  
                                        __end_of__initialization 08D4  
                                                  ___rparam_used 000001  
                                                 __pcstackCOMRAM 0001  
                                         __size_of_DelayFor18TCY 0010  
                                                      ?_BusyXLCD 0001  
                                                WriteCmdXLCD@cmd 0001  
                                           __end_of_SetDDRamAddr 0764  
                                             __size_of_init_XLCD 0042  
                                                      ?_OpenXLCD 0001  
                                              WriteDataXLCD@data 0001  
                                                ??_WriteDataXLCD 0001  
                                             __size_of_putrsXLCD 0042  
                                                     ??_BusyXLCD 0001  
                                                     ??_OpenXLCD 0002  
                                                        __Hparam 0000  
                                                        __Lparam 0000  
                                                  _DelayFor18TCY 08C4  
                                                   __psmallconst 0600  
                                                        __pcinit 08D4  
                                                putrsXLCD@buffer 0002  
                                                        __ramtop 0600  
                                                        __ptext0 06D8  
                                                        __ptext1 0764  
                                                        __ptext2 07A6  
                                                        __ptext3 07E8  
                                                        __ptext4 060E  
                                                        __ptext5 082A  
                                                        __ptext6 0720  
                                                        __ptext7 08AE  
                                                        __ptext8 086C  
                                                        __ptext9 08C4  
                                              __end_of_init_XLCD 082A  
                                           end_of_initialization 08D4  
                                                 ?_DelayFor18TCY 0001  
                                              __end_of_putrsXLCD 07A6  
                                                      _TRISDbits 000F95  
                                          __size_of_SetDDRamAddr 0044  
                                                   _SetDDRamAddr 0720  
                                             SetDDRamAddr@DDaddr 0001  
                                            start_initialization 08D4  
                                              __size_of_BusyXLCD 0042  
                                                ??_DelayFor18TCY 0001  
                                              __size_of_OpenXLCD 00CA  
                                                  ?_WriteCmdXLCD 0001  
                                                 ??_WriteCmdXLCD 0001  
                                          __end_of_WriteDataXLCD 07E8  
                                                    __smallconst 0600  
                                                      _init_XLCD 07E8  
                                                       _LATDbits 000F8C  
                                                  ?_DelayPORXLCD 0001  
                                                OpenXLCD@lcdtype 0003  
                                                      _putrsXLCD 0764  
                                                     ?_init_XLCD 0001  
                                                       _BusyXLCD 086C  
                                                 ??_DelayPORXLCD 0001  
                                                       _OpenXLCD 060E  
                                                       __Hrparam 0000  
                                                       __Lrparam 0000  
                                                   __Lsmallconst 0600  
                                                     ?_putrsXLCD 0002  
                                           __end_of_WriteCmdXLCD 086C  
                                                  __size_of_main 0048  
                                                    ??_init_XLCD 0004  
                                          __end_of_DelayFor18TCY 08D4  
                                           __end_of_DelayPORXLCD 08C4  
                                                    ??_putrsXLCD 0004  
